HU-0042 FZDR PARK FDTM 9191.14066
ZLG PARK PARK PARK PARK PARK PARK PARK PARK GMAR IQ-0049 7140.33627
SYLD PARK PARK PARK LUTR 9798.13867
NFNA PARK PARK PARK GB-0071 FR-0469 PARK PARK LFDT 18972.10630
OYHD PARK PARK PARK NFKD 15701.95704
LMML LGLR EHHV 3581.49725
PH-0089 VTSE ER-0003 9679.04645
DRRA PARK PARK PARK PARK PARK PARK PARK MR-0002 NCAT 19489.41442
MD-0003 PARK PARK PARK LHBC PARK PARK PARK PARK PARK MK-0003 PARK EHGR 4105.11896
NL-0067 PARK PARK PARK GB-0489 EH-0007 4772.97770
ZZ-0002 PARK PARK PARK PARK PARK PARK PARK PARK DNJA PARK DTTG 8264.70045
SKMJ PARK GUGO PARK DNDS HRYR 12921.87898
CD-0035 PARK HHSB PARK PARK PARK PARK PARK PARK JO-0003 IQ-0037 7306.67450
LMML CD-0010 HRYI PARK PARK FBNT 7846.64209
LFNG PARK PARK PARK PARK PARK PARK PT-0099 LPMU LHSM 4267.57500
LUTR PARK PARK PARK PARK PARK PARK LHSM LFRN 3193.00931
SR-0005 PARK PARK PARK GY-0004 PARK VMMC 17785.45239
IQ-0037 PARK JO-0004 FDNS 8111.83318
LGAT PARK PARK LGSA AM-0009 PARK PARK PARK PARK PARK VDBG 9697.21531
GUCY PARK PARK GR-0028 VYMK 12543.87077
