LYDK PARK PARK LT-0019 EYAL PARK PARK PARK PARK KZ-0077 KP-0072 11047.47111
OTHH OTBK PARK PARK AE-0129 AHY PARK PARK PARK PARK MZ-0004 8017.04408
IL-0007 LLSD PARK PARK PARK PARK PARK PARK PARK PARK PARK PARK PARK PARK PARK PARK PARK OJ38 YSNB 12498.89205
TZ-0133 PARK PARK PARK ER-0001 LLSD PARK PARK PARK EYSB 8173.97924
AGKG YMCT PARK FAEO 14407.00034
GW-0001 PARK PARK PARK PARK PARK PARK PARK PARK PARK PARK PARK GGGB FDUB 7609.60945
VN-0038 PARK PARK PARK PARK PARK PARK PARK PARK FMNN PARK PARK ZZ-0002 PARK PARK PARK PARK PARK PARK PARK RE-0006 9939.36288
WBGK EYJB LSPN 11818.33846
WBKU PARK PARK PARK WBGR MY-0022 PARK PARK PARK WBGK ID-0176 6194.03056
FMEP PARK PARK RE-0006 PARK PARK PARK PARK MV-0011 4175.96663
KZ-0079 PARK KR-0017 PARK PARK PARK PARK KI-0001 10748.75992
NGON PARK AGEV HTMG 16122.92011
ZA-0070 PARK PARK FDUB GH-0002 6391.89275
LSPN LSGK PARK PARK PARK PARK PARK PARK HHTS 5289.01646
FMNS PARK PARK PARK FWSU 2139.55938
FWLK PARK PARK PARK PARK PARK PARK TZ-0136 VN-0055 5962.54753
FMSF FDTS PARK PARK PARK PARK PARK PARK PARK FXPG PARK PARK PARK BW-0061 3911.63035
ZMTL PARK PARK PARK PARK PARK VGJR VREI ZZ-0002 FR-0314 11968.13612
LL60 PARK PARK PARK PARK PARK LLMR 547.02155
BITM PARK PARK PARK PARK PARK KP-0019 PARK PARK RK39 PARK PWAK 13835.21266
