UZ-0117 PARK PARK PARK PARK PARK PARK PARK PARK AYM VA1J PARK HK-0008 9691.01713
GMFA PT-0099 PARK PARK PARK PARK PARK PARK PARK PARK GB-0557 GB-0624 ES-0048 5510.03136
OIMX PARK PARK PARK TJ-0004 TJ-0006 UZ-0021 PARK PARK PARK PARK PARK PARK PARK OBBS 5327.50967
VOTV PARK PARK VYMK PARK VTCR PARK PARK PARK VYTN PARK PARK PARK PARK VYBM PARK PARK VQBT 7312.24755
DE-0433 GB-0624 ES-0048 3208.65712
GUSI EYVK PARK MD-0006 7450.14192
NCMR PARK HK-0008 PARK VEDB 14434.67585
ESGJ PARK PARK PARK PARK PARK PARK NO-0054 PARK PARK VE-0105 9869.14777
AYEM PARK MM-0001 UGSB LUTR 13906.62892
ES-0122 VEPG VVGL 11257.61793
LT-0019 PARK PARK PARK PARK PARK PARK PARK PARK PARK PARK PARK PARK GB-0624 IM-0002 PARK PARK PARK PARK SOOR 10534.72180
UGMM LTCD PARK PARK PARK AL-0010 ESQO 5544.86300
SE-0074 PARK PARK PARK PARK PARK PARK NO-0023 PARK EYKS EDAZ 3410.04257
AGEV PARK PARK PARK PARK VYSO FJDG 12255.84968
LASK PARK PARK SI-0021 SE-0074 PARK PARK EYPA 3635.31074
HETR UG24 PARK PARK PARK LTCM 3608.91737
MM-0001 PARK PARK PARK PARK VEMZ PARK PARK OEPC 6131.62228
OERT AE-0129 LTAS PARK LJPZ 6050.18489
HK-0002 HK-0001 PARK KP-0075 PARK PARK KP-0005 3446.63050
RW-0002 FZQJ 1413.23546
