AGOB HU-0062 EBBX 16141.65669
LAGJ RS-0007 PARK AGEV NWWL 17318.66037
MU-0001 LBVR ES-0122 10140.36486
TZ-0092 HTUV SLUC 11516.35764
NGMA NFNB PARK PARK PARK PARK PARK PARK PARK NGAB NGTM NWWL PARK NWWI AGKG 11713.37097
HDMO FEFI EC-0034 SE13 14721.07353
OS63 OS69 PARK PARK PARK PARK PARK PARK OPMT PARK NFMA 17050.37104
WBGM PARK PARK WBGK WAWW PARK WBGO PARK TH-0011 PARK PARK PARK PARK TH-0032 VRMV 10669.97739
WAWW PARK WBGK PARK ID-0176 NFKD 10248.61376
ES-0265 PARK PARK DTTI GE-0001 PARK PARK PARK UG24 5714.96900
SPRM PARK PARK PARK SLSS IE-0020 12114.68847
FI-0012 PARK PARK PARK PARK PARK PARK PARK PARK PARK PARK PARK PARK SVJO SE09 EC-0010 12701.88518
BG-0020 PARK ZMDZ PARK PARK JP-1974 9538.01238
LA-0006 MDV SPSI 19990.40432
LT-0019 HU-0049 SK-0008 LJCL FGAB 8577.13851
EC-0034 LJMS PARK PARK UTDL 15535.59195
FNWK PARK FN18 AO-0012 PARK PARK PARK FBOM PARK PARK FEFB BW-0013 9305.50983
WAPC PARK PARK PARK PARK PARK PARK PARK PARK HU-0005 PARK PARK PARK PARK RS-0007 12914.16639
BW-0061 WAPC 11560.38361
NC-0001 PARK WPAT FI-0002 16774.62193
